<?xml version="1.0" encoding="UTF-8"?>
<!-- Generated by org.testng.reporters.JUnitReportReporter -->
<testsuite hostname="MININT-AHPTDB6" name="com.fanniemae.testcases.Login_TestCase" tests="1" failures="0" timestamp="20 Jul 2017 18:19:16 GMT" time="3.963" errors="0">
  <testcase name="tc_newAccount" time="3.963" classname="com.fanniemae.testcases.Login_TestCase"/>
</testsuite> <!-- com.fanniemae.testcases.Login_TestCase -->
